<?xml version="1.0" encoding="UTF-8"?>
<testng-results skipped="0" failed="0" ignored="0" total="1" passed="1">
  <reporter-output>
  </reporter-output>
  <suite name="Default suite" duration-ms="31410" started-at="2020-08-13T21:48:08 EDT" finished-at="2020-08-13T21:48:39 EDT">
    <groups>
      <group name="cucumber">
        <method signature="AbstractTestNGCucumberTests.runScenario(cucumber.api.testng.PickleEventWrapper, cucumber.api.testng.CucumberFeatureWrapper)[pri:0, instance:com.runner.ZooplaAutomationRunner@36b4cef0]" name="runScenario" class="cucumber.api.testng.AbstractTestNGCucumberTests"/>
      </group> <!-- cucumber -->
    </groups>
    <test name="Default test" duration-ms="31410" started-at="2020-08-13T21:48:08 EDT" finished-at="2020-08-13T21:48:39 EDT">
      <class name="com.runner.ZooplaAutomationRunner">
        <test-method status="PASS" signature="setupExtentsReport()[pri:0, instance:com.runner.ZooplaAutomationRunner@36b4cef0]" name="setupExtentsReport" is-config="true" duration-ms="14" started-at="2020-08-13T21:48:08 EDT" finished-at="2020-08-13T21:48:08 EDT">
          <reporter-output>
          </reporter-output>
        </test-method> <!-- setupExtentsReport -->
        <test-method status="PASS" signature="setUpClass()[pri:0, instance:com.runner.ZooplaAutomationRunner@36b4cef0]" name="setUpClass" is-config="true" duration-ms="192" started-at="2020-08-13T21:48:08 EDT" finished-at="2020-08-13T21:48:08 EDT">
          <reporter-output>
          </reporter-output>
        </test-method> <!-- setUpClass -->
        <test-method status="PASS" signature="runScenario(cucumber.api.testng.PickleEventWrapper, cucumber.api.testng.CucumberFeatureWrapper)[pri:0, instance:com.runner.ZooplaAutomationRunner@36b4cef0]" name="runScenario" duration-ms="31004" started-at="2020-08-13T21:48:08 EDT" description="Runs Cucumber Scenarios" data-provider="scenarios" finished-at="2020-08-13T21:48:39 EDT">
          <params>
            <param index="0">
              <value>
                <![CDATA["As a user , end to end testing from login to property select and logout"]]>
              </value>
            </param>
            <param index="1">
              <value>
                <![CDATA["Zoopla Automation   feature testing"]]>
              </value>
            </param>
          </params>
          <reporter-output>
          </reporter-output>
        </test-method> <!-- runScenario -->
        <test-method status="PASS" signature="tearDownClass()[pri:0, instance:com.runner.ZooplaAutomationRunner@36b4cef0]" name="tearDownClass" is-config="true" duration-ms="49" started-at="2020-08-13T21:48:39 EDT" finished-at="2020-08-13T21:48:39 EDT">
          <reporter-output>
          </reporter-output>
        </test-method> <!-- tearDownClass -->
      </class> <!-- com.runner.ZooplaAutomationRunner -->
    </test> <!-- Default test -->
  </suite> <!-- Default suite -->
</testng-results>
